# JRE version: Java(TM) SE Runtime Environment (8.0_101-b13) (build 1.8.0_101-b13)
# Java VM: Java HotSpot(TM) 64-Bit Server VM (25.101-b13 mixed mode windows-amd64 compressed oops)
Heap:
 PSYoungGen      total 18944K, used 4601K [0x00000000eb200000, 0x00000000ecf00000, 0x0000000100000000)
  eden space 16384K, 28% used [0x00000000eb200000,0x00000000eb67e490,0x00000000ec200000)
  from space 2560K, 0% used [0x00000000ec200000,0x00000000ec200000,0x00000000ec480000)
  to   space 6656K, 0% used [0x00000000ec880000,0x00000000ec880000,0x00000000ecf00000)
 ParOldGen       total 27648K, used 7118K [0x00000000c1600000, 0x00000000c3100000, 0x00000000eb200000)
  object space 27648K, 25% used [0x00000000c1600000,0x00000000c1cf3b98,0x00000000c3100000)
 Metaspace       used 25382K, capacity 25610K, committed 25984K, reserved 1071104K
  class space    used 3310K, capacity 3387K, committed 3456K, reserved 1048576K
GC Heap History (10 events):
Event: 212.263 GC heap before
{Heap before GC invocations=2 (full 0):
 PSYoungGen      total 18944K, used 18923K [0x00000000eb200000, 0x00000000ec700000, 0x0000000100000000)
  eden space 16384K, 100% used [0x00000000eb200000,0x00000000ec200000,0x00000000ec200000)
  from space 2560K, 99% used [0x00000000ec200000,0x00000000ec47acd8,0x00000000ec480000)
  to   space 2560K, 0% used [0x00000000ec480000,0x00000000ec480000,0x00000000ec700000)
 ParOldGen       total 44032K, used 2232K [0x00000000c1600000, 0x00000000c4100000, 0x00000000eb200000)
  object space 44032K, 5% used [0x00000000c1600000,0x00000000c182e208,0x00000000c4100000)
 Metaspace       used 12270K, capacity 12496K, committed 12672K, reserved 1060864K
  class space    used 1531K, capacity 1626K, committed 1664K, reserved 1048576K
Event: 212.291 GC heap after
Heap after GC invocations=2 (full 0):
 PSYoungGen      total 18944K, used 2534K [0x00000000eb200000, 0x00000000ec700000, 0x0000000100000000)
  eden space 16384K, 0% used [0x00000000eb200000,0x00000000eb200000,0x00000000ec200000)
  from space 2560K, 98% used [0x00000000ec480000,0x00000000ec6f9888,0x00000000ec700000)
  to   space 2560K, 0% used [0x00000000ec200000,0x00000000ec200000,0x00000000ec480000)
 ParOldGen       total 44032K, used 5084K [0x00000000c1600000, 0x00000000c4100000, 0x00000000eb200000)
  object space 44032K, 11% used [0x00000000c1600000,0x00000000c1af72d0,0x00000000c4100000)
 Metaspace       used 12270K, capacity 12496K, committed 12672K, reserved 1060864K
  class space    used 1531K, capacity 1626K, committed 1664K, reserved 1048576K
}
Event: 219.338 GC heap before
{Heap before GC invocations=3 (full 0):
 PSYoungGen      total 18944K, used 18918K [0x00000000eb200000, 0x00000000ec700000, 0x0000000100000000)
  eden space 16384K, 100% used [0x00000000eb200000,0x00000000ec200000,0x00000000ec200000)
  from space 2560K, 98% used [0x00000000ec480000,0x00000000ec6f9888,0x00000000ec700000)
  to   space 2560K, 0% used [0x00000000ec200000,0x00000000ec200000,0x00000000ec480000)
 ParOldGen       total 44032K, used 5084K [0x00000000c1600000, 0x00000000c4100000, 0x00000000eb200000)
  object space 44032K, 11% used [0x00000000c1600000,0x00000000c1af72d0,0x00000000c4100000)
 Metaspace       used 17251K, capacity 17462K, committed 17664K, reserved 1064960K
  class space    used 2151K, capacity 2237K, committed 2304K, reserved 1048576K
Event: 219.370 GC heap after
Heap after GC invocations=3 (full 0):
 PSYoungGen      total 18944K, used 2550K [0x00000000eb200000, 0x00000000ec700000, 0x0000000100000000)
  eden space 16384K, 0% used [0x00000000eb200000,0x00000000eb200000,0x00000000ec200000)
  from space 2560K, 99% used [0x00000000ec200000,0x00000000ec47d888,0x00000000ec480000)
  to   space 2560K, 0% used [0x00000000ec480000,0x00000000ec480000,0x00000000ec700000)
 ParOldGen       total 44032K, used 8542K [0x00000000c1600000, 0x00000000c4100000, 0x00000000eb200000)
  object space 44032K, 19% used [0x00000000c1600000,0x00000000c1e578f0,0x00000000c4100000)
 Metaspace       used 17251K, capacity 17462K, committed 17664K, reserved 1064960K
  class space    used 2151K, capacity 2237K, committed 2304K, reserved 1048576K
}
Event: 232.638 GC heap before
{Heap before GC invocations=4 (full 0):
 PSYoungGen      total 18944K, used 18934K [0x00000000eb200000, 0x00000000ec700000, 0x0000000100000000)
  eden space 16384K, 100% used [0x00000000eb200000,0x00000000ec200000,0x00000000ec200000)
  from space 2560K, 99% used [0x00000000ec200000,0x00000000ec47d888,0x00000000ec480000)
  to   space 2560K, 0% used [0x00000000ec480000,0x00000000ec480000,0x00000000ec700000)
 ParOldGen       total 44032K, used 8542K [0x00000000c1600000, 0x00000000c4100000, 0x00000000eb200000)
  object space 44032K, 19% used [0x00000000c1600000,0x00000000c1e578f0,0x00000000c4100000)
 Metaspace       used 20089K, capacity 20242K, committed 20480K, reserved 1067008K
  class space    used 2433K, capacity 2498K, committed 2560K, reserved 1048576K
Event: 232.668 GC heap after
Heap after GC invocations=4 (full 0):
 PSYoungGen      total 18944K, used 2541K [0x00000000eb200000, 0x00000000ec700000, 0x0000000100000000)
  eden space 16384K, 0% used [0x00000000eb200000,0x00000000eb200000,0x00000000ec200000)
  from space 2560K, 99% used [0x00000000ec480000,0x00000000ec6fb750,0x00000000ec700000)
  to   space 2560K, 0% used [0x00000000ec200000,0x00000000ec200000,0x00000000ec480000)
 ParOldGen       total 44032K, used 11111K [0x00000000c1600000, 0x00000000c4100000, 0x00000000eb200000)
  object space 44032K, 25% used [0x00000000c1600000,0x00000000c20d9c00,0x00000000c4100000)
 Metaspace       used 20089K, capacity 20242K, committed 20480K, reserved 1067008K
  class space    used 2433K, capacity 2498K, committed 2560K, reserved 1048576K
}
Event: 233.848 GC heap before
{Heap before GC invocations=5 (full 0):
 PSYoungGen      total 18944K, used 4822K [0x00000000eb200000, 0x00000000ec700000, 0x0000000100000000)
  eden space 16384K, 13% used [0x00000000eb200000,0x00000000eb43a300,0x00000000ec200000)
  from space 2560K, 99% used [0x00000000ec480000,0x00000000ec6fb750,0x00000000ec700000)
  to   space 2560K, 0% used [0x00000000ec200000,0x00000000ec200000,0x00000000ec480000)
 ParOldGen       total 44032K, used 11111K [0x00000000c1600000, 0x00000000c4100000, 0x00000000eb200000)
  object space 44032K, 25% used [0x00000000c1600000,0x00000000c20d9c00,0x00000000c4100000)
 Metaspace       used 20895K, capacity 21074K, committed 21296K, reserved 1069056K
  class space    used 2554K, capacity 2626K, committed 2688K, reserved 1048576K
Event: 233.873 GC heap after
Heap after GC invocations=5 (full 0):
 PSYoungGen      total 18944K, used 2534K [0x00000000eb200000, 0x00000000ecf00000, 0x0000000100000000)
  eden space 16384K, 0% used [0x00000000eb200000,0x00000000eb200000,0x00000000ec200000)
  from space 2560K, 99% used [0x00000000ec200000,0x00000000ec479bc0,0x00000000ec480000)
  to   space 6656K, 0% used [0x00000000ec880000,0x00000000ec880000,0x00000000ecf00000)
 ParOldGen       total 44032K, used 11601K [0x00000000c1600000, 0x00000000c4100000, 0x00000000eb200000)
  object space 44032K, 26% used [0x00000000c1600000,0x00000000c2154488,0x00000000c4100000)
 Metaspace       used 20895K, capacity 21074K, committed 21296K, reserved 1069056K
  class space    used 2554K, capacity 2626K, committed 2688K, reserved 1048576K
}
Event: 233.873 GC heap before
{Heap before GC invocations=6 (full 1):
 PSYoungGen      total 18944K, used 2534K [0x00000000eb200000, 0x00000000ecf00000, 0x0000000100000000)
  eden space 16384K, 0% used [0x00000000eb200000,0x00000000eb200000,0x00000000ec200000)
  from space 2560K, 99% used [0x00000000ec200000,0x00000000ec479bc0,0x00000000ec480000)
  to   space 6656K, 0% used [0x00000000ec880000,0x00000000ec880000,0x00000000ecf00000)
 ParOldGen       total 44032K, used 11601K [0x00000000c1600000, 0x00000000c4100000, 0x00000000eb200000)
  object space 44032K, 26% used [0x00000000c1600000,0x00000000c2154488,0x00000000c4100000)
 Metaspace       used 20895K, capacity 21074K, committed 21296K, reserved 1069056K
  class space    used 2554K, capacity 2626K, committed 2688K, reserved 1048576K
Event: 234.082 GC heap after
Heap after GC invocations=6 (full 1):
 PSYoungGen      total 18944K, used 0K [0x00000000eb200000, 0x00000000ecf00000, 0x0000000100000000)
  eden space 16384K, 0% used [0x00000000eb200000,0x00000000eb200000,0x00000000ec200000)
  from space 2560K, 0% used [0x00000000ec200000,0x00000000ec200000,0x00000000ec480000)
  to   space 6656K, 0% used [0x00000000ec880000,0x00000000ec880000,0x00000000ecf00000)
 ParOldGen       total 27648K, used 7118K [0x00000000c1600000, 0x00000000c3100000, 0x00000000eb200000)
  object space 27648K, 25% used [0x00000000c1600000,0x00000000c1cf3b98,0x00000000c3100000)
 Metaspace       used 20895K, capacity 21074K, committed 21296K, reserved 1069056K
  class space    used 2554K, capacity 2626K, committed 2688K, reserved 1048576K
}

