# JRE version: Java(TM) SE Runtime Environment (8.0_111-b14) (build 1.8.0_111-b14)
# Java VM: Java HotSpot(TM) 64-Bit Server VM (25.111-b14 mixed mode windows-amd64 compressed oops)
Heap:
 PSYoungGen      total 605696K, used 164941K [0x00000000d6000000, 0x00000000ffd80000, 0x0000000100000000)
  eden space 529920K, 28% used [0x00000000d6000000,0x00000000df5b3538,0x00000000f6580000)
  from space 75776K, 15% used [0x00000000fb380000,0x00000000fbee0040,0x00000000ffd80000)
  to   space 77824K, 0% used [0x00000000f6580000,0x00000000f6580000,0x00000000fb180000)
 ParOldGen       total 499200K, used 429609K [0x0000000082000000, 0x00000000a0780000, 0x00000000d6000000)
  object space 499200K, 86% used [0x0000000082000000,0x000000009c38a458,0x00000000a0780000)
 Metaspace       used 118658K, capacity 120642K, committed 120880K, reserved 1157120K
  class space    used 13450K, capacity 13795K, committed 13872K, reserved 1048576K
GC Heap History (10 events):
Event: 1931.184 GC heap before
{Heap before GC invocations=35 (full 7):
 PSYoungGen      total 584192K, used 529499K [0x00000000d6000000, 0x0000000100000000, 0x0000000100000000)
  eden space 495104K, 100% used [0x00000000d6000000,0x00000000f4380000,0x00000000f4380000)
  from space 89088K, 38% used [0x00000000f4380000,0x00000000f6516f80,0x00000000f9a80000)
  to   space 84480K, 0% used [0x00000000fad80000,0x00000000fad80000,0x0000000100000000)
 ParOldGen       total 499200K, used 363383K [0x0000000082000000, 0x00000000a0780000, 0x00000000d6000000)
  object space 499200K, 72% used [0x0000000082000000,0x00000000982dde78,0x00000000a0780000)
 Metaspace       used 112976K, capacity 114266K, committed 114480K, reserved 1150976K
  class space    used 13169K, capacity 13455K, committed 13616K, reserved 1048576K
Event: 1931.214 GC heap after
Heap after GC invocations=35 (full 7):
 PSYoungGen      total 591360K, used 20478K [0x00000000d6000000, 0x00000000ff880000, 0x0000000100000000)
  eden space 514560K, 0% used [0x00000000d6000000,0x00000000d6000000,0x00000000f5680000)
  from space 76800K, 26% used [0x00000000fad80000,0x00000000fc17fb70,0x00000000ff880000)
  to   space 82944K, 0% used [0x00000000f5680000,0x00000000f5680000,0x00000000fa780000)
 ParOldGen       total 499200K, used 396291K [0x0000000082000000, 0x00000000a0780000, 0x00000000d6000000)
  object space 499200K, 79% used [0x0000000082000000,0x000000009a300d00,0x00000000a0780000)
 Metaspace       used 112976K, capacity 114266K, committed 114480K, reserved 1150976K
  class space    used 13169K, capacity 13455K, committed 13616K, reserved 1048576K
}
Event: 3302.068 GC heap before
{Heap before GC invocations=36 (full 7):
 PSYoungGen      total 591360K, used 535038K [0x00000000d6000000, 0x00000000ff880000, 0x0000000100000000)
  eden space 514560K, 100% used [0x00000000d6000000,0x00000000f5680000,0x00000000f5680000)
  from space 76800K, 26% used [0x00000000fad80000,0x00000000fc17fb70,0x00000000ff880000)
  to   space 82944K, 0% used [0x00000000f5680000,0x00000000f5680000,0x00000000fa780000)
 ParOldGen       total 499200K, used 396291K [0x0000000082000000, 0x00000000a0780000, 0x00000000d6000000)
  object space 499200K, 79% used [0x0000000082000000,0x000000009a300d50,0x00000000a0780000)
 Metaspace       used 115009K, capacity 116372K, committed 116656K, reserved 1153024K
  class space    used 13319K, capacity 13604K, committed 13744K, reserved 1048576K
Event: 3302.290 GC heap after
Heap after GC invocations=36 (full 7):
 PSYoungGen      total 597504K, used 26425K [0x00000000d6000000, 0x0000000100000000, 0x0000000100000000)
  eden space 514560K, 0% used [0x00000000d6000000,0x00000000d6000000,0x00000000f5680000)
  from space 82944K, 31% used [0x00000000f5680000,0x00000000f704e7c8,0x00000000fa780000)
  to   space 79872K, 0% used [0x00000000fb200000,0x00000000fb200000,0x0000000100000000)
 ParOldGen       total 499200K, used 415698K [0x0000000082000000, 0x00000000a0780000, 0x00000000d6000000)
  object space 499200K, 83% used [0x0000000082000000,0x000000009b5f48f0,0x00000000a0780000)
 Metaspace       used 115009K, capacity 116372K, committed 116656K, reserved 1153024K
  class space    used 13319K, capacity 13604K, committed 13744K, reserved 1048576K
}
Event: 3817.082 GC heap before
{Heap before GC invocations=37 (full 7):
 PSYoungGen      total 597504K, used 540985K [0x00000000d6000000, 0x0000000100000000, 0x0000000100000000)
  eden space 514560K, 100% used [0x00000000d6000000,0x00000000f5680000,0x00000000f5680000)
  from space 82944K, 31% used [0x00000000f5680000,0x00000000f704e7c8,0x00000000fa780000)
  to   space 79872K, 0% used [0x00000000fb200000,0x00000000fb200000,0x0000000100000000)
 ParOldGen       total 499200K, used 415705K [0x0000000082000000, 0x00000000a0780000, 0x00000000d6000000)
  object space 499200K, 83% used [0x0000000082000000,0x000000009b5f6678,0x00000000a0780000)
 Metaspace       used 116736K, capacity 118520K, committed 118704K, reserved 1155072K
  class space    used 13407K, capacity 13709K, committed 13744K, reserved 1048576K
Event: 3817.216 GC heap after
Heap after GC invocations=37 (full 7):
 PSYoungGen      total 602112K, used 46623K [0x00000000d6000000, 0x00000000ffd00000, 0x0000000100000000)
  eden space 525312K, 0% used [0x00000000d6000000,0x00000000d6000000,0x00000000f6100000)
  from space 76800K, 60% used [0x00000000fb200000,0x00000000fdf87f58,0x00000000ffd00000)
  to   space 79872K, 0% used [0x00000000f6100000,0x00000000f6100000,0x00000000faf00000)
 ParOldGen       total 499200K, used 422847K [0x0000000082000000, 0x00000000a0780000, 0x00000000d6000000)
  object space 499200K, 84% used [0x0000000082000000,0x000000009bceff60,0x00000000a0780000)
 Metaspace       used 116736K, capacity 118520K, committed 118704K, reserved 1155072K
  class space    used 13407K, capacity 13709K, committed 13744K, reserved 1048576K
}
Event: 6901.183 GC heap before
{Heap before GC invocations=38 (full 7):
 PSYoungGen      total 602112K, used 571935K [0x00000000d6000000, 0x00000000ffd00000, 0x0000000100000000)
  eden space 525312K, 100% used [0x00000000d6000000,0x00000000f6100000,0x00000000f6100000)
  from space 76800K, 60% used [0x00000000fb200000,0x00000000fdf87f58,0x00000000ffd00000)
  to   space 79872K, 0% used [0x00000000f6100000,0x00000000f6100000,0x00000000faf00000)
 ParOldGen       total 499200K, used 422847K [0x0000000082000000, 0x00000000a0780000, 0x00000000d6000000)
  object space 499200K, 84% used [0x0000000082000000,0x000000009bceff60,0x00000000a0780000)
 Metaspace       used 117977K, capacity 119970K, committed 120112K, reserved 1155072K
  class space    used 13447K, capacity 13763K, committed 13872K, reserved 1048576K
Event: 6901.373 GC heap after
Heap after GC invocations=38 (full 7):
 PSYoungGen      total 605184K, used 19551K [0x00000000d6000000, 0x0000000100000000, 0x0000000100000000)
  eden space 525312K, 0% used [0x00000000d6000000,0x00000000d6000000,0x00000000f6100000)
  from space 79872K, 24% used [0x00000000f6100000,0x00000000f7417ce0,0x00000000faf00000)
  to   space 78336K, 0% used [0x00000000fb380000,0x00000000fb380000,0x0000000100000000)
 ParOldGen       total 499200K, used 429601K [0x0000000082000000, 0x00000000a0780000, 0x00000000d6000000)
  object space 499200K, 86% used [0x0000000082000000,0x000000009c388458,0x00000000a0780000)
 Metaspace       used 117977K, capacity 119970K, committed 120112K, reserved 1155072K
  class space    used 13447K, capacity 13763K, committed 13872K, reserved 1048576K
}
Event: 12121.238 GC heap before
{Heap before GC invocations=39 (full 7):
 PSYoungGen      total 605184K, used 544863K [0x00000000d6000000, 0x0000000100000000, 0x0000000100000000)
  eden space 525312K, 100% used [0x00000000d6000000,0x00000000f6100000,0x00000000f6100000)
  from space 79872K, 24% used [0x00000000f6100000,0x00000000f7417ce0,0x00000000faf00000)
  to   space 78336K, 0% used [0x00000000fb380000,0x00000000fb380000,0x0000000100000000)
 ParOldGen       total 499200K, used 429601K [0x0000000082000000, 0x00000000a0780000, 0x00000000d6000000)
  object space 499200K, 86% used [0x0000000082000000,0x000000009c388458,0x00000000a0780000)
 Metaspace       used 118133K, capacity 120130K, committed 120368K, reserved 1155072K
  class space    used 13449K, capacity 13795K, committed 13872K, reserved 1048576K
Event: 12121.420 GC heap after
Heap after GC invocations=39 (full 7):
 PSYoungGen      total 605696K, used 11648K [0x00000000d6000000, 0x00000000ffd80000, 0x0000000100000000)
  eden space 529920K, 0% used [0x00000000d6000000,0x00000000d6000000,0x00000000f6580000)
  from space 75776K, 15% used [0x00000000fb380000,0x00000000fbee0040,0x00000000ffd80000)
  to   space 77824K, 0% used [0x00000000f6580000,0x00000000f6580000,0x00000000fb180000)
 ParOldGen       total 499200K, used 429609K [0x0000000082000000, 0x00000000a0780000, 0x00000000d6000000)
  object space 499200K, 86% used [0x0000000082000000,0x000000009c38a458,0x00000000a0780000)
 Metaspace       used 118133K, capacity 120130K, committed 120368K, reserved 1155072K
  class space    used 13449K, capacity 13795K, committed 13872K, reserved 1048576K
}

