# JRE version: Java(TM) SE Runtime Environment (8.0_111-b14) (build 1.8.0_111-b14)
# Java VM: Java HotSpot(TM) 64-Bit Server VM (25.111-b14 mixed mode windows-amd64 compressed oops)
Heap:
 PSYoungGen      total 635904K, used 519798K [0x00000000d6000000, 0x0000000100000000, 0x0000000100000000)
  eden space 584704K, 80% used [0x00000000d6000000,0x00000000f29a4cb8,0x00000000f9b00000)
  from space 51200K, 99% used [0x00000000f9b00000,0x00000000fccf8cd8,0x00000000fcd00000)
  to   space 52224K, 0% used [0x00000000fcd00000,0x00000000fcd00000,0x0000000100000000)
 ParOldGen       total 304128K, used 230765K [0x0000000082000000, 0x0000000094900000, 0x00000000d6000000)
  object space 304128K, 75% used [0x0000000082000000,0x000000009015b5f0,0x0000000094900000)
 Metaspace       used 73306K, capacity 74674K, committed 74928K, reserved 1116160K
  class space    used 8354K, capacity 8577K, committed 8624K, reserved 1048576K
GC Heap History (10 events):
Event: 38.454 GC heap before
{Heap before GC invocations=20 (full 3):
 PSYoungGen      total 633344K, used 630210K [0x00000000d6000000, 0x0000000100000000, 0x0000000100000000)
  eden space 589824K, 100% used [0x00000000d6000000,0x00000000fa000000,0x00000000fa000000)
  from space 43520K, 92% used [0x00000000fd580000,0x00000000ffcf0930,0x0000000100000000)
  to   space 49152K, 0% used [0x00000000fa000000,0x00000000fa000000,0x00000000fd000000)
 ParOldGen       total 174592K, used 139031K [0x0000000082000000, 0x000000008ca80000, 0x00000000d6000000)
  object space 174592K, 79% used [0x0000000082000000,0x000000008a7c5d00,0x000000008ca80000)
 Metaspace       used 60539K, capacity 61212K, committed 61360K, reserved 1103872K
  class space    used 7138K, capacity 7302K, committed 7344K, reserved 1048576K
Event: 38.509 GC heap after
Heap after GC invocations=20 (full 3):
 PSYoungGen      total 626176K, used 36293K [0x00000000d6000000, 0x0000000100000000, 0x0000000100000000)
  eden space 589824K, 0% used [0x00000000d6000000,0x00000000d6000000,0x00000000fa000000)
  from space 36352K, 99% used [0x00000000fa000000,0x00000000fc371580,0x00000000fc380000)
  to   space 52224K, 0% used [0x00000000fcd00000,0x00000000fcd00000,0x0000000100000000)
 ParOldGen       total 178176K, used 178149K [0x0000000082000000, 0x000000008ce00000, 0x00000000d6000000)
  object space 178176K, 99% used [0x0000000082000000,0x000000008cdf9710,0x000000008ce00000)
 Metaspace       used 60539K, capacity 61212K, committed 61360K, reserved 1103872K
  class space    used 7138K, capacity 7302K, committed 7344K, reserved 1048576K
}
Event: 38.510 GC heap before
{Heap before GC invocations=21 (full 4):
 PSYoungGen      total 626176K, used 36293K [0x00000000d6000000, 0x0000000100000000, 0x0000000100000000)
  eden space 589824K, 0% used [0x00000000d6000000,0x00000000d6000000,0x00000000fa000000)
  from space 36352K, 99% used [0x00000000fa000000,0x00000000fc371580,0x00000000fc380000)
  to   space 52224K, 0% used [0x00000000fcd00000,0x00000000fcd00000,0x0000000100000000)
 ParOldGen       total 178176K, used 178149K [0x0000000082000000, 0x000000008ce00000, 0x00000000d6000000)
  object space 178176K, 99% used [0x0000000082000000,0x000000008cdf9710,0x000000008ce00000)
 Metaspace       used 60539K, capacity 61212K, committed 61360K, reserved 1103872K
  class space    used 7138K, capacity 7302K, committed 7344K, reserved 1048576K
Event: 39.244 GC heap after
Heap after GC invocations=21 (full 4):
 PSYoungGen      total 626176K, used 26392K [0x00000000d6000000, 0x0000000100000000, 0x0000000100000000)
  eden space 589824K, 0% used [0x00000000d6000000,0x00000000d6000000,0x00000000fa000000)
  from space 36352K, 72% used [0x00000000fa000000,0x00000000fb9c6380,0x00000000fc380000)
  to   space 52224K, 0% used [0x00000000fcd00000,0x00000000fcd00000,0x0000000100000000)
 ParOldGen       total 304128K, used 177706K [0x0000000082000000, 0x0000000094900000, 0x00000000d6000000)
  object space 304128K, 58% used [0x0000000082000000,0x000000008cd8aa58,0x0000000094900000)
 Metaspace       used 60539K, capacity 61212K, committed 61360K, reserved 1103872K
  class space    used 7138K, capacity 7302K, committed 7344K, reserved 1048576K
}
Event: 41.315 GC heap before
{Heap before GC invocations=22 (full 4):
 PSYoungGen      total 626176K, used 367330K [0x00000000d6000000, 0x0000000100000000, 0x0000000100000000)
  eden space 589824K, 57% used [0x00000000d6000000,0x00000000eacf2780,0x00000000fa000000)
  from space 36352K, 72% used [0x00000000fa000000,0x00000000fb9c6380,0x00000000fc380000)
  to   space 52224K, 0% used [0x00000000fcd00000,0x00000000fcd00000,0x0000000100000000)
 ParOldGen       total 304128K, used 177706K [0x0000000082000000, 0x0000000094900000, 0x00000000d6000000)
  object space 304128K, 58% used [0x0000000082000000,0x000000008cd8aa58,0x0000000094900000)
 Metaspace       used 61306K, capacity 61998K, committed 62128K, reserved 1103872K
  class space    used 7193K, capacity 7343K, committed 7344K, reserved 1048576K
Event: 41.372 GC heap after
Heap after GC invocations=22 (full 4):
 PSYoungGen      total 636928K, used 10330K [0x00000000d6000000, 0x0000000100000000, 0x0000000100000000)
  eden space 584704K, 0% used [0x00000000d6000000,0x00000000d6000000,0x00000000f9b00000)
  from space 52224K, 19% used [0x00000000fcd00000,0x00000000fd716a38,0x0000000100000000)
  to   space 51200K, 0% used [0x00000000f9b00000,0x00000000f9b00000,0x00000000fcd00000)
 ParOldGen       total 304128K, used 203565K [0x0000000082000000, 0x0000000094900000, 0x00000000d6000000)
  object space 304128K, 66% used [0x0000000082000000,0x000000008e6cb7b0,0x0000000094900000)
 Metaspace       used 61306K, capacity 61998K, committed 62128K, reserved 1103872K
  class space    used 7193K, capacity 7343K, committed 7344K, reserved 1048576K
}
Event: 41.372 GC heap before
{Heap before GC invocations=23 (full 5):
 PSYoungGen      total 636928K, used 10330K [0x00000000d6000000, 0x0000000100000000, 0x0000000100000000)
  eden space 584704K, 0% used [0x00000000d6000000,0x00000000d6000000,0x00000000f9b00000)
  from space 52224K, 19% used [0x00000000fcd00000,0x00000000fd716a38,0x0000000100000000)
  to   space 51200K, 0% used [0x00000000f9b00000,0x00000000f9b00000,0x00000000fcd00000)
 ParOldGen       total 304128K, used 203565K [0x0000000082000000, 0x0000000094900000, 0x00000000d6000000)
  object space 304128K, 66% used [0x0000000082000000,0x000000008e6cb7b0,0x0000000094900000)
 Metaspace       used 61306K, capacity 61998K, committed 62128K, reserved 1103872K
  class space    used 7193K, capacity 7343K, committed 7344K, reserved 1048576K
Event: 42.106 GC heap after
Heap after GC invocations=23 (full 5):
 PSYoungGen      total 636928K, used 0K [0x00000000d6000000, 0x0000000100000000, 0x0000000100000000)
  eden space 584704K, 0% used [0x00000000d6000000,0x00000000d6000000,0x00000000f9b00000)
  from space 52224K, 0% used [0x00000000fcd00000,0x00000000fcd00000,0x0000000100000000)
  to   space 51200K, 0% used [0x00000000f9b00000,0x00000000f9b00000,0x00000000fcd00000)
 ParOldGen       total 304128K, used 213105K [0x0000000082000000, 0x0000000094900000, 0x00000000d6000000)
  object space 304128K, 70% used [0x0000000082000000,0x000000008f01c7c8,0x0000000094900000)
 Metaspace       used 61306K, capacity 61998K, committed 62128K, reserved 1103872K
  class space    used 7193K, capacity 7343K, committed 7344K, reserved 1048576K
}
Event: 448.800 GC heap before
{Heap before GC invocations=24 (full 5):
 PSYoungGen      total 636928K, used 584704K [0x00000000d6000000, 0x0000000100000000, 0x0000000100000000)
  eden space 584704K, 100% used [0x00000000d6000000,0x00000000f9b00000,0x00000000f9b00000)
  from space 52224K, 0% used [0x00000000fcd00000,0x00000000fcd00000,0x0000000100000000)
  to   space 51200K, 0% used [0x00000000f9b00000,0x00000000f9b00000,0x00000000fcd00000)
 ParOldGen       total 304128K, used 213105K [0x0000000082000000, 0x0000000094900000, 0x00000000d6000000)
  object space 304128K, 70% used [0x0000000082000000,0x000000008f01c7c8,0x0000000094900000)
 Metaspace       used 71173K, capacity 72206K, committed 72368K, reserved 1114112K
  class space    used 8194K, capacity 8367K, committed 8368K, reserved 1048576K
Event: 448.888 GC heap after
Heap after GC invocations=24 (full 5):
 PSYoungGen      total 635904K, used 51171K [0x00000000d6000000, 0x0000000100000000, 0x0000000100000000)
  eden space 584704K, 0% used [0x00000000d6000000,0x00000000d6000000,0x00000000f9b00000)
  from space 51200K, 99% used [0x00000000f9b00000,0x00000000fccf8cd8,0x00000000fcd00000)
  to   space 52224K, 0% used [0x00000000fcd00000,0x00000000fcd00000,0x0000000100000000)
 ParOldGen       total 304128K, used 230765K [0x0000000082000000, 0x0000000094900000, 0x00000000d6000000)
  object space 304128K, 75% used [0x0000000082000000,0x000000009015b5f0,0x0000000094900000)
 Metaspace       used 71173K, capacity 72206K, committed 72368K, reserved 1114112K
  class space    used 8194K, capacity 8367K, committed 8368K, reserved 1048576K
}

